
**** Build of configuration Debug for project cryomesh-common ****

make all 
Building file: ../src/spacial/ActivityGrid.cpp
Invoking: GCC C++ Compiler
/usr/bin/g++ -DCUTE_DEBUG -I"/home/niall/Projects/Eclipse/CPP/cryomesh-common/src" -O0 -g -pedantic -pedantic-errors -Wall -Werror -c -fmessage-length=0 -fPIC -std=c++0x -W -MMD -MP -MF"src/spacial/ActivityGrid.d" -MT"src/spacial/ActivityGrid.d" -o"src/spacial/ActivityGrid.o" "../src/spacial/ActivityGrid.cpp"
Finished building: ../src/spacial/ActivityGrid.cpp
 
Building file: ../src/spacial/BoundingBox.cpp
Invoking: GCC C++ Compiler
/usr/bin/g++ -DCUTE_DEBUG -I"/home/niall/Projects/Eclipse/CPP/cryomesh-common/src" -O0 -g -pedantic -pedantic-errors -Wall -Werror -c -fmessage-length=0 -fPIC -std=c++0x -W -MMD -MP -MF"src/spacial/BoundingBox.d" -MT"src/spacial/BoundingBox.d" -o"src/spacial/BoundingBox.o" "../src/spacial/BoundingBox.cpp"
Finished building: ../src/spacial/BoundingBox.cpp
 
Building file: ../src/spacial/Degree.cpp
Invoking: GCC C++ Compiler
/usr/bin/g++ -DCUTE_DEBUG -I"/home/niall/Projects/Eclipse/CPP/cryomesh-common/src" -O0 -g -pedantic -pedantic-errors -Wall -Werror -c -fmessage-length=0 -fPIC -std=c++0x -W -MMD -MP -MF"src/spacial/Degree.d" -MT"src/spacial/Degree.d" -o"src/spacial/Degree.o" "../src/spacial/Degree.cpp"
Finished building: ../src/spacial/Degree.cpp
 
Building file: ../src/spacial/GridContainer.cpp
Invoking: GCC C++ Compiler
/usr/bin/g++ -DCUTE_DEBUG -I"/home/niall/Projects/Eclipse/CPP/cryomesh-common/src" -O0 -g -pedantic -pedantic-errors -Wall -Werror -c -fmessage-length=0 -fPIC -std=c++0x -W -MMD -MP -MF"src/spacial/GridContainer.d" -MT"src/spacial/GridContainer.d" -o"src/spacial/GridContainer.o" "../src/spacial/GridContainer.cpp"
Finished building: ../src/spacial/GridContainer.cpp
 
Building file: ../src/spacial/Point.cpp
Invoking: GCC C++ Compiler
/usr/bin/g++ -DCUTE_DEBUG -I"/home/niall/Projects/Eclipse/CPP/cryomesh-common/src" -O0 -g -pedantic -pedantic-errors -Wall -Werror -c -fmessage-length=0 -fPIC -std=c++0x -W -MMD -MP -MF"src/spacial/Point.d" -MT"src/spacial/Point.d" -o"src/spacial/Point.o" "../src/spacial/Point.cpp"
Finished building: ../src/spacial/Point.cpp
 
Building file: ../src/spacial/Radian.cpp
Invoking: GCC C++ Compiler
/usr/bin/g++ -DCUTE_DEBUG -I"/home/niall/Projects/Eclipse/CPP/cryomesh-common/src" -O0 -g -pedantic -pedantic-errors -Wall -Werror -c -fmessage-length=0 -fPIC -std=c++0x -W -MMD -MP -MF"src/spacial/Radian.d" -MT"src/spacial/Radian.d" -o"src/spacial/Radian.o" "../src/spacial/Radian.cpp"
Finished building: ../src/spacial/Radian.cpp
 
Building file: ../src/spacial/SphericalPoint.cpp
Invoking: GCC C++ Compiler
/usr/bin/g++ -DCUTE_DEBUG -I"/home/niall/Projects/Eclipse/CPP/cryomesh-common/src" -O0 -g -pedantic -pedantic-errors -Wall -Werror -c -fmessage-length=0 -fPIC -std=c++0x -W -MMD -MP -MF"src/spacial/SphericalPoint.d" -MT"src/spacial/SphericalPoint.d" -o"src/spacial/SphericalPoint.o" "../src/spacial/SphericalPoint.cpp"
Finished building: ../src/spacial/SphericalPoint.cpp
 
Building file: ../src/networking/BasicServer.cpp
Invoking: GCC C++ Compiler
/usr/bin/g++ -DCUTE_DEBUG -I"/home/niall/Projects/Eclipse/CPP/cryomesh-common/src" -O0 -g -pedantic -pedantic-errors -Wall -Werror -c -fmessage-length=0 -fPIC -std=c++0x -W -MMD -MP -MF"src/networking/BasicServer.d" -MT"src/networking/BasicServer.d" -o"src/networking/BasicServer.o" "../src/networking/BasicServer.cpp"
Finished building: ../src/networking/BasicServer.cpp
 
Building file: ../src/networking/ICommunication.cpp
Invoking: GCC C++ Compiler
/usr/bin/g++ -DCUTE_DEBUG -I"/home/niall/Projects/Eclipse/CPP/cryomesh-common/src" -O0 -g -pedantic -pedantic-errors -Wall -Werror -c -fmessage-length=0 -fPIC -std=c++0x -W -MMD -MP -MF"src/networking/ICommunication.d" -MT"src/networking/ICommunication.d" -o"src/networking/ICommunication.o" "../src/networking/ICommunication.cpp"
Finished building: ../src/networking/ICommunication.cpp
 
Building file: ../src/config/ConfigEntry.cpp
Invoking: GCC C++ Compiler
/usr/bin/g++ -DCUTE_DEBUG -I"/home/niall/Projects/Eclipse/CPP/cryomesh-common/src" -O0 -g -pedantic -pedantic-errors -Wall -Werror -c -fmessage-length=0 -fPIC -std=c++0x -W -MMD -MP -MF"src/config/ConfigEntry.d" -MT"src/config/ConfigEntry.d" -o"src/config/ConfigEntry.o" "../src/config/ConfigEntry.cpp"
Finished building: ../src/config/ConfigEntry.cpp
 
Building file: ../src/config/ConfigTranslator.cpp
Invoking: GCC C++ Compiler
/usr/bin/g++ -DCUTE_DEBUG -I"/home/niall/Projects/Eclipse/CPP/cryomesh-common/src" -O0 -g -pedantic -pedantic-errors -Wall -Werror -c -fmessage-length=0 -fPIC -std=c++0x -W -MMD -MP -MF"src/config/ConfigTranslator.d" -MT"src/config/ConfigTranslator.d" -o"src/config/ConfigTranslator.o" "../src/config/ConfigTranslator.cpp"
Finished building: ../src/config/ConfigTranslator.cpp
 
Building file: ../src/common/Misc.cpp
Invoking: GCC C++ Compiler
/usr/bin/g++ -DCUTE_DEBUG -I"/home/niall/Projects/Eclipse/CPP/cryomesh-common/src" -O0 -g -pedantic -pedantic-errors -Wall -Werror -c -fmessage-length=0 -fPIC -std=c++0x -W -MMD -MP -MF"src/common/Misc.d" -MT"src/common/Misc.d" -o"src/common/Misc.o" "../src/common/Misc.cpp"
Finished building: ../src/common/Misc.cpp
 
Building file: ../src/common/Tagged.cpp
Invoking: GCC C++ Compiler
/usr/bin/g++ -DCUTE_DEBUG -I"/home/niall/Projects/Eclipse/CPP/cryomesh-common/src" -O0 -g -pedantic -pedantic-errors -Wall -Werror -c -fmessage-length=0 -fPIC -std=c++0x -W -MMD -MP -MF"src/common/Tagged.d" -MT"src/common/Tagged.d" -o"src/common/Tagged.o" "../src/common/Tagged.cpp"
Finished building: ../src/common/Tagged.cpp
 
Building target: libcryomesh-common.so
Invoking: GCC C++ Linker
/usr/bin/g++ -std=c++0x -shared -o "libcryomesh-common.so"  ./src/spacial/ActivityGrid.o ./src/spacial/BoundingBox.o ./src/spacial/Degree.o ./src/spacial/GridContainer.o ./src/spacial/Point.o ./src/spacial/Radian.o ./src/spacial/SphericalPoint.o  ./src/networking/BasicServer.o ./src/networking/ICommunication.o  ./src/config/ConfigEntry.o ./src/config/ConfigTranslator.o  ./src/common/Misc.o ./src/common/Tagged.o   -lm
Finished building target: libcryomesh-common.so
 

**** Build Finished ****
